<?xml version="1.0" encoding="UTF-8"?>
<robot generator="Robot 4.1.2 (Python 3.8.10 on linux)" generated="20211214 05:37:37.483" rpa="false" schemaversion="2">
<suite id="s1" name="Test" source="/home/nadiah/Desktop/pythonProject/Demo/test.robot">
<test id="s1-t1" name="Open Deriv-Task1">
<kw name="Login" library="common">
<arg>${my_email}</arg>
<arg>${my_pw}</arg>
<kw name="Open Browser" library="SeleniumLibrary">
<arg>url=https://app.deriv.com</arg>
<arg>browser=chrome</arg>
<doc>Opens a new browser instance to the optional ``url``.</doc>
<msg timestamp="20211214 05:37:37.670" level="INFO">Opening browser 'chrome' to base url 'https://app.deriv.com'.</msg>
<status status="PASS" starttime="20211214 05:37:37.670" endtime="20211214 05:37:55.188"/>
</kw>
<kw name="Maximize Browser Window" library="SeleniumLibrary">
<doc>Maximizes current browser window.</doc>
<status status="PASS" starttime="20211214 05:37:55.188" endtime="20211214 05:37:55.509"/>
</kw>
<kw name="Wait Until Page Does Not Contain Element" library="SeleniumLibrary">
<arg>dt_core_header_acc-info-preloader</arg>
<arg>60</arg>
<doc>Waits until the element ``locator`` disappears from the current page.</doc>
<status status="PASS" starttime="20211214 05:37:55.509" endtime="20211214 05:37:55.598"/>
</kw>
<kw name="Wait Until Page Contains Element" library="SeleniumLibrary">
<arg>${login_btn}</arg>
<arg>60</arg>
<doc>Waits until the element ``locator`` appears on the current page.</doc>
<status status="PASS" starttime="20211214 05:37:55.598" endtime="20211214 05:37:55.615"/>
</kw>
<kw name="Click Element" library="SeleniumLibrary">
<arg>${login_btn}</arg>
<doc>Click the element identified by ``locator``.</doc>
<msg timestamp="20211214 05:37:55.615" level="INFO">Clicking element 'dt_login_button'.</msg>
<status status="PASS" starttime="20211214 05:37:55.615" endtime="20211214 05:37:55.654"/>
</kw>
<kw name="Wait Until Page Contains Element" library="SeleniumLibrary">
<arg>${email_field}</arg>
<arg>15</arg>
<doc>Waits until the element ``locator`` appears on the current page.</doc>
<status status="PASS" starttime="20211214 05:37:55.654" endtime="20211214 05:37:59.472"/>
</kw>
<kw name="Input Text" library="SeleniumLibrary">
<arg>${email_field}</arg>
<arg>${email}</arg>
<doc>Types the given ``text`` into the text field identified by ``locator``.</doc>
<msg timestamp="20211214 05:37:59.472" level="INFO">Typing text 'nadiah@besquare.com.my' into text field 'name=email'.</msg>
<status status="PASS" starttime="20211214 05:37:59.472" endtime="20211214 05:37:59.565"/>
</kw>
<kw name="Input Text" library="SeleniumLibrary">
<arg>${pw_field}</arg>
<arg>${pw}</arg>
<doc>Types the given ``text`` into the text field identified by ``locator``.</doc>
<msg timestamp="20211214 05:37:59.566" level="INFO">Typing text 'Ayamtofu123!' into text field '//*[@type="password"]'.</msg>
<status status="PASS" starttime="20211214 05:37:59.565" endtime="20211214 05:37:59.661"/>
</kw>
<kw name="Click Element" library="SeleniumLibrary">
<arg>${login_auth_button}</arg>
<doc>Click the element identified by ``locator``.</doc>
<msg timestamp="20211214 05:37:59.664" level="INFO">Clicking element '//*[text()="Log in"]'.</msg>
<status status="PASS" starttime="20211214 05:37:59.663" endtime="20211214 05:38:02.754"/>
</kw>
<status status="PASS" starttime="20211214 05:37:37.669" endtime="20211214 05:38:02.755"/>
</kw>
<kw name="RealAcc" library="common">
<kw name="Wait Until Page Contains Element" library="SeleniumLibrary">
<arg>dt_core_account-info_acc-info</arg>
<arg>60</arg>
<doc>Waits until the element ``locator`` appears on the current page.</doc>
<status status="PASS" starttime="20211214 05:38:02.755" endtime="20211214 05:38:05.378"/>
</kw>
<kw name="Wait Until Page Does Not Contain Element" library="SeleniumLibrary">
<arg>dt_core_header_acc-info-preloader</arg>
<arg>60</arg>
<doc>Waits until the element ``locator`` disappears from the current page.</doc>
<status status="PASS" starttime="20211214 05:38:05.378" endtime="20211214 05:38:06.712"/>
</kw>
<kw name="Click Element" library="SeleniumLibrary">
<arg>dt_core_account-info_acc-info</arg>
<doc>Click the element identified by ``locator``.</doc>
<msg timestamp="20211214 05:38:06.712" level="INFO">Clicking element 'dt_core_account-info_acc-info'.</msg>
<status status="PASS" starttime="20211214 05:38:06.712" endtime="20211214 05:38:06.770"/>
</kw>
<kw name="Click Element" library="SeleniumLibrary">
<arg>real_account_tab</arg>
<doc>Click the element identified by ``locator``.</doc>
<msg timestamp="20211214 05:38:06.770" level="INFO">Clicking element 'real_account_tab'.</msg>
<status status="PASS" starttime="20211214 05:38:06.770" endtime="20211214 05:38:06.830"/>
</kw>
<kw name="Sleep" library="BuiltIn">
<arg>2</arg>
<doc>Pauses the test executed for the given time.</doc>
<msg timestamp="20211214 05:38:08.831" level="INFO">Slept 2 seconds</msg>
<status status="PASS" starttime="20211214 05:38:06.831" endtime="20211214 05:38:08.831"/>
</kw>
<kw name="Click Element" library="SeleniumLibrary">
<arg>dt_core_account-switcher_demo-tab</arg>
<doc>Click the element identified by ``locator``.</doc>
<msg timestamp="20211214 05:38:08.832" level="INFO">Clicking element 'dt_core_account-switcher_demo-tab'.</msg>
<status status="PASS" starttime="20211214 05:38:08.831" endtime="20211214 05:38:08.894"/>
</kw>
<kw name="Wait Until Page Does Not Contain Element" library="SeleniumLibrary">
<arg>dt_core_header_acc-info-preloader</arg>
<arg>60</arg>
<doc>Waits until the element ``locator`` disappears from the current page.</doc>
<status status="PASS" starttime="20211214 05:38:08.894" endtime="20211214 05:38:08.900"/>
</kw>
<kw name="Wait Until Page Does Not Contain Element" library="SeleniumLibrary">
<arg>sidebar__items</arg>
<arg>60</arg>
<doc>Waits until the element ``locator`` disappears from the current page.</doc>
<status status="PASS" starttime="20211214 05:38:08.900" endtime="20211214 05:38:08.911"/>
</kw>
<status status="PASS" starttime="20211214 05:38:02.755" endtime="20211214 05:38:08.911"/>
</kw>
<status status="PASS" starttime="20211214 05:37:37.668" endtime="20211214 05:38:08.911"/>
</test>
<test id="s1-t2" name="BuyRiseContact-Task2">
<kw name="BuyRiseContract" library="common">
<kw name="Set Selenium Timeout" library="SeleniumLibrary">
<arg>2</arg>
<doc>Sets the timeout that is used by various keywords.</doc>
<status status="PASS" starttime="20211214 05:38:08.912" endtime="20211214 05:38:08.914"/>
</kw>
<kw name="Wait Until Page Contains Element" library="SeleniumLibrary">
<arg>chart_container</arg>
<arg>120</arg>
<doc>Waits until the element ``locator`` appears on the current page.</doc>
<status status="PASS" starttime="20211214 05:38:08.914" endtime="20211214 05:38:08.927"/>
</kw>
<kw name="Click Element" library="SeleniumLibrary">
<arg>//*[contains(@class, 'cq-symbol-select-btn')]</arg>
<doc>Click the element identified by ``locator``.</doc>
<msg timestamp="20211214 05:38:08.927" level="INFO">Clicking element '//*[contains(@class, 'cq-symbol-select-btn')]'.</msg>
<status status="PASS" starttime="20211214 05:38:08.927" endtime="20211214 05:38:08.994"/>
</kw>
<kw name="Sleep" library="BuiltIn">
<arg>2s</arg>
<doc>Pauses the test executed for the given time.</doc>
<msg timestamp="20211214 05:38:10.995" level="INFO">Slept 2 seconds</msg>
<status status="PASS" starttime="20211214 05:38:08.994" endtime="20211214 05:38:10.995"/>
</kw>
<kw name="Wait Until Element Is Visible" library="SeleniumLibrary">
<arg>//*[contains(@class,"sc-mcd__item sc-mcd__item--1HZ10V")]</arg>
<doc>Waits until the element ``locator`` is visible.</doc>
<status status="PASS" starttime="20211214 05:38:10.995" endtime="20211214 05:38:11.035"/>
</kw>
<kw name="Click Element" library="SeleniumLibrary">
<arg>//*[contains(@class,"sc-mcd__item sc-mcd__item--1HZ10V")]</arg>
<doc>Click the element identified by ``locator``.</doc>
<msg timestamp="20211214 05:38:11.036" level="INFO">Clicking element '//*[contains(@class,"sc-mcd__item sc-mcd__item--1HZ10V")]'.</msg>
<status status="PASS" starttime="20211214 05:38:11.035" endtime="20211214 05:38:11.137"/>
</kw>
<kw name="Sleep" library="BuiltIn">
<arg>2s</arg>
<doc>Pauses the test executed for the given time.</doc>
<msg timestamp="20211214 05:38:13.138" level="INFO">Slept 2 seconds</msg>
<status status="PASS" starttime="20211214 05:38:11.137" endtime="20211214 05:38:13.138"/>
</kw>
<kw name="Wait Until Element Is Visible" library="SeleniumLibrary">
<arg>dt_purchase_call_button</arg>
<doc>Waits until the element ``locator`` is visible.</doc>
<status status="PASS" starttime="20211214 05:38:13.138" endtime="20211214 05:38:13.165"/>
</kw>
<kw name="Click Element" library="SeleniumLibrary">
<arg>dt_purchase_call_button</arg>
<doc>Click the element identified by ``locator``.</doc>
<msg timestamp="20211214 05:38:13.165" level="INFO">Clicking element 'dt_purchase_call_button'.</msg>
<status status="PASS" starttime="20211214 05:38:13.165" endtime="20211214 05:38:13.409"/>
</kw>
<kw name="Wait Until Page Contains Element" library="SeleniumLibrary">
<arg>chart_container</arg>
<arg>120</arg>
<doc>Waits until the element ``locator`` appears on the current page.</doc>
<status status="PASS" starttime="20211214 05:38:13.409" endtime="20211214 05:38:13.456"/>
</kw>
<kw name="Set Selenium Timeout" library="SeleniumLibrary">
<arg>0</arg>
<doc>Sets the timeout that is used by various keywords.</doc>
<status status="PASS" starttime="20211214 05:38:13.457" endtime="20211214 05:38:13.459"/>
</kw>
<kw name="Sleep" library="BuiltIn">
<arg>7</arg>
<doc>Pauses the test executed for the given time.</doc>
<msg timestamp="20211214 05:38:20.460" level="INFO">Slept 7 seconds</msg>
<status status="PASS" starttime="20211214 05:38:13.459" endtime="20211214 05:38:20.460"/>
</kw>
<status status="PASS" starttime="20211214 05:38:08.912" endtime="20211214 05:38:20.460"/>
</kw>
<status status="PASS" starttime="20211214 05:38:08.912" endtime="20211214 05:38:20.461"/>
</test>
<test id="s1-t3" name="BuyLowContract-Task3">
<kw name="BuyLowerContract" library="common">
<kw name="Click Element" library="SeleniumLibrary">
<arg>//*[contains(@class, 'cq-symbol-select-btn')]</arg>
<doc>Click the element identified by ``locator``.</doc>
<msg timestamp="20211214 05:38:20.463" level="INFO">Clicking element '//*[contains(@class, 'cq-symbol-select-btn')]'.</msg>
<status status="PASS" starttime="20211214 05:38:20.463" endtime="20211214 05:38:20.547"/>
</kw>
<kw name="Sleep" library="BuiltIn">
<arg>2</arg>
<doc>Pauses the test executed for the given time.</doc>
<msg timestamp="20211214 05:38:22.548" level="INFO">Slept 2 seconds</msg>
<status status="PASS" starttime="20211214 05:38:20.547" endtime="20211214 05:38:22.548"/>
</kw>
<kw name="Wait Until Page Contains Element" library="SeleniumLibrary">
<arg>//*[text()="Forex"]</arg>
<arg>60</arg>
<doc>Waits until the element ``locator`` appears on the current page.</doc>
<status status="PASS" starttime="20211214 05:38:22.549" endtime="20211214 05:38:22.568"/>
</kw>
<kw name="Click Element" library="SeleniumLibrary">
<arg>//*[text()="Forex"]</arg>
<doc>Click the element identified by ``locator``.</doc>
<msg timestamp="20211214 05:38:22.569" level="INFO">Clicking element '//*[text()="Forex"]'.</msg>
<status status="PASS" starttime="20211214 05:38:22.569" endtime="20211214 05:38:22.612"/>
</kw>
<kw name="Sleep" library="BuiltIn">
<arg>2</arg>
<doc>Pauses the test executed for the given time.</doc>
<msg timestamp="20211214 05:38:24.613" level="INFO">Slept 2 seconds</msg>
<status status="PASS" starttime="20211214 05:38:22.612" endtime="20211214 05:38:24.613"/>
</kw>
<kw name="Wait Until Page Contains Element" library="SeleniumLibrary">
<arg>//*[contains(@class,"sc-mcd__item sc-mcd__item--frxAUDUSD ")]</arg>
<arg>60</arg>
<doc>Waits until the element ``locator`` appears on the current page.</doc>
<status status="PASS" starttime="20211214 05:38:24.614" endtime="20211214 05:38:24.629"/>
</kw>
<kw name="Click Element" library="SeleniumLibrary">
<arg>//*[contains(@class,"sc-mcd__item sc-mcd__item--frxAUDUSD ")]</arg>
<doc>Click the element identified by ``locator``.</doc>
<msg timestamp="20211214 05:38:24.629" level="INFO">Clicking element '//*[contains(@class,"sc-mcd__item sc-mcd__item--frxAUDUSD ")]'.</msg>
<status status="PASS" starttime="20211214 05:38:24.629" endtime="20211214 05:38:24.770"/>
</kw>
<kw name="Sleep" library="BuiltIn">
<arg>4</arg>
<doc>Pauses the test executed for the given time.</doc>
<msg timestamp="20211214 05:38:28.771" level="INFO">Slept 4 seconds</msg>
<status status="PASS" starttime="20211214 05:38:24.770" endtime="20211214 05:38:28.771"/>
</kw>
<kw name="Wait Until Page Contains Element" library="SeleniumLibrary">
<arg>dt_contract_dropdown</arg>
<arg>60</arg>
<doc>Waits until the element ``locator`` appears on the current page.</doc>
<status status="PASS" starttime="20211214 05:38:28.771" endtime="20211214 05:38:28.798"/>
</kw>
<kw name="Click Element" library="SeleniumLibrary">
<arg>dt_contract_dropdown</arg>
<doc>Click the element identified by ``locator``.</doc>
<msg timestamp="20211214 05:38:28.798" level="INFO">Clicking element 'dt_contract_dropdown'.</msg>
<status status="PASS" starttime="20211214 05:38:28.798" endtime="20211214 05:38:28.838"/>
</kw>
<kw name="Sleep" library="BuiltIn">
<arg>2</arg>
<doc>Pauses the test executed for the given time.</doc>
<msg timestamp="20211214 05:38:30.838" level="INFO">Slept 2 seconds</msg>
<status status="PASS" starttime="20211214 05:38:28.838" endtime="20211214 05:38:30.839"/>
</kw>
<kw name="Wait Until Page Contains Element" library="SeleniumLibrary">
<arg>dt_contract_high_low_item</arg>
<arg>60</arg>
<doc>Waits until the element ``locator`` appears on the current page.</doc>
<status status="PASS" starttime="20211214 05:38:30.839" endtime="20211214 05:38:30.861"/>
</kw>
<kw name="Click Element" library="SeleniumLibrary">
<arg>dt_contract_high_low_item</arg>
<doc>Click the element identified by ``locator``.</doc>
<msg timestamp="20211214 05:38:30.862" level="INFO">Clicking element 'dt_contract_high_low_item'.</msg>
<status status="PASS" starttime="20211214 05:38:30.862" endtime="20211214 05:38:31.071"/>
</kw>
<kw name="Sleep" library="BuiltIn">
<arg>3</arg>
<doc>Pauses the test executed for the given time.</doc>
<msg timestamp="20211214 05:38:34.072" level="INFO">Slept 3 seconds</msg>
<status status="PASS" starttime="20211214 05:38:31.071" endtime="20211214 05:38:34.072"/>
</kw>
<kw name="Wait Until Page Contains Element" library="SeleniumLibrary">
<arg>//*[@type="number"]</arg>
<arg>60</arg>
<doc>Waits until the element ``locator`` appears on the current page.</doc>
<status status="PASS" starttime="20211214 05:38:34.072" endtime="20211214 05:38:34.088"/>
</kw>
<kw name="Press Keys" library="SeleniumLibrary">
<arg>//*[@type="number"]</arg>
<arg>CTRL+A</arg>
<arg>BACKSPACE</arg>
<doc>Simulates the user pressing key(s) to an element or on the active browser.</doc>
<msg timestamp="20211214 05:38:34.089" level="INFO">Sending key(s) ('CTRL+A', 'BACKSPACE') to //*[@type="number"] element.</msg>
<msg timestamp="20211214 05:38:34.518" level="INFO">Pressing special key CONTROL down.</msg>
<msg timestamp="20211214 05:38:34.518" level="INFO">Sending key A</msg>
<msg timestamp="20211214 05:38:34.518" level="INFO">Releasing special key CONTROL.</msg>
<msg timestamp="20211214 05:38:34.641" level="INFO">Pressing special key BACKSPACE to element.</msg>
<msg timestamp="20211214 05:38:34.641" level="INFO">Releasing special key BACKSPACE.</msg>
<status status="PASS" starttime="20211214 05:38:34.089" endtime="20211214 05:38:34.733"/>
</kw>
<kw name="Press Keys" library="SeleniumLibrary">
<arg>//*[@type="number"]</arg>
<arg>2</arg>
<doc>Simulates the user pressing key(s) to an element or on the active browser.</doc>
<msg timestamp="20211214 05:38:34.734" level="INFO">Sending key(s) ('2',) to //*[@type="number"] element.</msg>
<msg timestamp="20211214 05:38:35.031" level="INFO">Sending key 2</msg>
<status status="PASS" starttime="20211214 05:38:34.733" endtime="20211214 05:38:35.083"/>
</kw>
<kw name="Click Element" library="SeleniumLibrary">
<arg>//*[@id="dc_stake_toggle_item" and contains(@class,"dc-btn dc-btn__toggle dc-button-menu__button")]</arg>
<doc>Click the element identified by ``locator``.</doc>
<msg timestamp="20211214 05:38:35.083" level="INFO">Clicking element '//*[@id="dc_stake_toggle_item" and contains(@class,"dc-btn dc-btn__toggle dc-button-menu__button")]'.</msg>
<status status="PASS" starttime="20211214 05:38:35.083" endtime="20211214 05:38:35.131"/>
</kw>
<kw name="Wait Until Page Contains Element" library="SeleniumLibrary">
<arg>//*[@type="tel"]</arg>
<arg>60</arg>
<doc>Waits until the element ``locator`` appears on the current page.</doc>
<status status="PASS" starttime="20211214 05:38:35.131" endtime="20211214 05:38:35.140"/>
</kw>
<kw name="Press Keys" library="SeleniumLibrary">
<arg>//*[@id="dt_amount_input"]</arg>
<arg>CTRL+A</arg>
<arg>BACKSPACE</arg>
<doc>Simulates the user pressing key(s) to an element or on the active browser.</doc>
<msg timestamp="20211214 05:38:35.141" level="INFO">Sending key(s) ('CTRL+A', 'BACKSPACE') to //*[@id="dt_amount_input"] element.</msg>
<msg timestamp="20211214 05:38:35.585" level="INFO">Pressing special key CONTROL down.</msg>
<msg timestamp="20211214 05:38:35.585" level="INFO">Sending key A</msg>
<msg timestamp="20211214 05:38:35.585" level="INFO">Releasing special key CONTROL.</msg>
<msg timestamp="20211214 05:38:35.621" level="INFO">Pressing special key BACKSPACE to element.</msg>
<msg timestamp="20211214 05:38:35.621" level="INFO">Releasing special key BACKSPACE.</msg>
<status status="PASS" starttime="20211214 05:38:35.140" endtime="20211214 05:38:35.650"/>
</kw>
<kw name="Press Keys" library="SeleniumLibrary">
<arg>//*[@id="dt_amount_input"]</arg>
<arg>15.50</arg>
<doc>Simulates the user pressing key(s) to an element or on the active browser.</doc>
<msg timestamp="20211214 05:38:35.651" level="INFO">Sending key(s) ('15.50',) to //*[@id="dt_amount_input"] element.</msg>
<msg timestamp="20211214 05:38:35.978" level="INFO">Sending keys 15.50</msg>
<status status="PASS" starttime="20211214 05:38:35.650" endtime="20211214 05:38:36.067"/>
</kw>
<kw name="Wait Until Page Contains Element" library="SeleniumLibrary">
<arg>//*[@id="dt_purchase_put_button"]</arg>
<arg>60</arg>
<doc>Waits until the element ``locator`` appears on the current page.</doc>
<status status="PASS" starttime="20211214 05:38:36.067" endtime="20211214 05:38:36.077"/>
</kw>
<kw name="Click Element" library="SeleniumLibrary">
<arg>//*[@id="dt_purchase_put_button"]</arg>
<doc>Click the element identified by ``locator``.</doc>
<msg timestamp="20211214 05:38:36.077" level="INFO">Clicking element '//*[@id="dt_purchase_put_button"]'.</msg>
<kw name="Capture Page Screenshot" library="SeleniumLibrary">
<doc>Takes a screenshot of the current page and embeds it into a log file.</doc>
<msg timestamp="20211214 05:38:37.335" level="INFO" html="true">&lt;/td&gt;&lt;/tr&gt;&lt;tr&gt;&lt;td colspan="3"&gt;&lt;a href="selenium-screenshot-51.png"&gt;&lt;img src="selenium-screenshot-51.png" width="800px"&gt;&lt;/a&gt;</msg>
<status status="PASS" starttime="20211214 05:38:37.124" endtime="20211214 05:38:37.335"/>
</kw>
<msg timestamp="20211214 05:38:37.340" level="FAIL">ElementClickInterceptedException: Message: element click intercepted: Element &lt;button id="dt_purchase_put_button" class="btn-purchase btn-purchase--disabled btn-purchase--animated--fade btn-purchase--2" disabled=""&gt;...&lt;/button&gt; is not clickable at point (1714, 558). Other element would receive the click: &lt;div class="trade-container__fieldset-wrapper trade-container__fieldset-wrapper--disabled"&gt;...&lt;/div&gt;
  (Session info: chrome=96.0.4664.93)
Stacktrace:
#0 0x55a5f5aa8ee3 &lt;unknown&gt;
#1 0x55a5f5576608 &lt;unknown&gt;
#2 0x55a5f55b4044 &lt;unknown&gt;
#3 0x55a5f55b1af4 &lt;unknown&gt;
#4 0x55a5f55af2da &lt;unknown&gt;
#5 0x55a5f55adce2 &lt;unknown&gt;
#6 0x55a5f55a17b8 &lt;unknown&gt;
#7 0x55a5f55ca272 &lt;unknown&gt;
#8 0x55a5f55a1063 &lt;unknown&gt;
#9 0x55a5f55ca37e &lt;unknown&gt;
#10 0x55a5f55dd3bc &lt;unknown&gt;
#11 0x55a5f55ca163 &lt;unknown&gt;
#12 0x55a5f559fbfc &lt;unknown&gt;
#13 0x55a5f55a0c05 &lt;unknown&gt;
#14 0x55a5f5adabaa &lt;unknown&gt;
#15 0x55a5f5af0651 &lt;unknown&gt;
#16 0x55a5f5adbb05 &lt;unknown&gt;
#17 0x55a5f5af1a68 &lt;unknown&gt;
#18 0x55a5f5ad005f &lt;unknown&gt;
#19 0x55a5f5b0c818 &lt;unknown&gt;
#20 0x55a5f5b0c998 &lt;unknown&gt;
#21 0x55a5f5b27eed &lt;unknown&gt;
#22 0x7ff875045609 &lt;unknown&gt;
</msg>
<status status="FAIL" starttime="20211214 05:38:36.077" endtime="20211214 05:38:37.340"/>
</kw>
<status status="FAIL" starttime="20211214 05:38:20.462" endtime="20211214 05:38:37.341"/>
</kw>
<status status="FAIL" starttime="20211214 05:38:20.462" endtime="20211214 05:38:37.342">ElementClickInterceptedException: Message: element click intercepted: Element &lt;button id="dt_purchase_put_button" class="btn-purchase btn-purchase--disabled btn-purchase--animated--fade btn-purchase--2" disabled=""&gt;...&lt;/button&gt; is not clickable at point (1714, 558). Other element would receive the click: &lt;div class="trade-container__fieldset-wrapper trade-container__fieldset-wrapper--disabled"&gt;...&lt;/div&gt;
  (Session info: chrome=96.0.4664.93)
Stacktrace:
#0 0x55a5f5aa8ee3 &lt;unknown&gt;
#1 0x55a5f5576608 &lt;unknown&gt;
#2 0x55a5f55b4044 &lt;unknown&gt;
#3 0x55a5f55b1af4 &lt;unknown&gt;
#4 0x55a5f55af2da &lt;unknown&gt;
#5 0x55a5f55adce2 &lt;unknown&gt;
#6 0x55a5f55a17b8 &lt;unknown&gt;
#7 0x55a5f55ca272 &lt;unknown&gt;
#8 0x55a5f55a1063 &lt;unknown&gt;
#9 0x55a5f55ca37e &lt;unknown&gt;
#10 0x55a5f55dd3bc &lt;unknown&gt;
#11 0x55a5f55ca163 &lt;unknown&gt;
#12 0x55a5f559fbfc &lt;unknown&gt;
#13 0x55a5f55a0c05 &lt;unknown&gt;
#14 0x55a5f5adabaa &lt;unknown&gt;
#15 0x55a5f5af0651 &lt;unknown&gt;
#16 0x55a5f5adbb05 &lt;unknown&gt;
#17 0x55a5f5af1a68 &lt;unknown&gt;
#18 0x55a5f5ad005f &lt;unknown&gt;
#19 0x55a5f5b0c818 &lt;unknown&gt;
#20 0x55a5f5b0c998 &lt;unknown&gt;
#21 0x55a5f5b27eed &lt;unknown&gt;
#22 0x7ff875045609 &lt;unknown&gt;
</status>
</test>
<test id="s1-t4" name="CheckRelativeBarrierError-Task4">
<kw name="CheckBarrierError" library="common">
<kw name="Sleep" library="BuiltIn">
<arg>2</arg>
<doc>Pauses the test executed for the given time.</doc>
<msg timestamp="20211214 05:38:39.346" level="INFO">Slept 2 seconds</msg>
<status status="PASS" starttime="20211214 05:38:37.345" endtime="20211214 05:38:39.347"/>
</kw>
<kw name="Wait Until Page Contains Element" library="SeleniumLibrary">
<arg>//*[@id="dt_barrier_1_input"]</arg>
<arg>60</arg>
<doc>Waits until the element ``locator`` appears on the current page.</doc>
<status status="PASS" starttime="20211214 05:38:39.347" endtime="20211214 05:38:39.363"/>
</kw>
<kw name="Press Keys" library="SeleniumLibrary">
<arg>//*[@id="dt_amount_input"]</arg>
<arg>CTRL+A</arg>
<arg>BACKSPACE</arg>
<doc>Simulates the user pressing key(s) to an element or on the active browser.</doc>
<msg timestamp="20211214 05:38:39.364" level="INFO">Sending key(s) ('CTRL+A', 'BACKSPACE') to //*[@id="dt_amount_input"] element.</msg>
<msg timestamp="20211214 05:38:39.642" level="INFO">Pressing special key CONTROL down.</msg>
<msg timestamp="20211214 05:38:39.642" level="INFO">Sending key A</msg>
<msg timestamp="20211214 05:38:39.642" level="INFO">Releasing special key CONTROL.</msg>
<msg timestamp="20211214 05:38:39.649" level="INFO">Pressing special key BACKSPACE to element.</msg>
<msg timestamp="20211214 05:38:39.649" level="INFO">Releasing special key BACKSPACE.</msg>
<status status="PASS" starttime="20211214 05:38:39.363" endtime="20211214 05:38:39.673"/>
</kw>
<kw name="Press Keys" library="SeleniumLibrary">
<arg>//*[@id="dt_amount_input"]</arg>
<arg>10</arg>
<doc>Simulates the user pressing key(s) to an element or on the active browser.</doc>
<msg timestamp="20211214 05:38:39.673" level="INFO">Sending key(s) ('10',) to //*[@id="dt_amount_input"] element.</msg>
<msg timestamp="20211214 05:38:39.957" level="INFO">Sending keys 10</msg>
<status status="PASS" starttime="20211214 05:38:39.673" endtime="20211214 05:38:40.004"/>
</kw>
<kw name="Wait Until Page Contains Element" library="SeleniumLibrary">
<arg>//*[@id="dt_barrier_1_input"]</arg>
<arg>60</arg>
<doc>Waits until the element ``locator`` appears on the current page.</doc>
<status status="PASS" starttime="20211214 05:38:40.004" endtime="20211214 05:38:40.010"/>
</kw>
<kw name="Sleep" library="BuiltIn">
<arg>2</arg>
<doc>Pauses the test executed for the given time.</doc>
<msg timestamp="20211214 05:38:42.011" level="INFO">Slept 2 seconds</msg>
<status status="PASS" starttime="20211214 05:38:40.010" endtime="20211214 05:38:42.011"/>
</kw>
<kw name="Press Keys" library="SeleniumLibrary">
<arg>//*[@id="dt_barrier_1_input"]</arg>
<arg>CTRL+A</arg>
<arg>BACKSPACE</arg>
<doc>Simulates the user pressing key(s) to an element or on the active browser.</doc>
<msg timestamp="20211214 05:38:42.012" level="INFO">Sending key(s) ('CTRL+A', 'BACKSPACE') to //*[@id="dt_barrier_1_input"] element.</msg>
<msg timestamp="20211214 05:38:42.323" level="INFO">Pressing special key CONTROL down.</msg>
<msg timestamp="20211214 05:38:42.323" level="INFO">Sending key A</msg>
<msg timestamp="20211214 05:38:42.323" level="INFO">Releasing special key CONTROL.</msg>
<msg timestamp="20211214 05:38:42.330" level="INFO">Pressing special key BACKSPACE to element.</msg>
<msg timestamp="20211214 05:38:42.330" level="INFO">Releasing special key BACKSPACE.</msg>
<status status="PASS" starttime="20211214 05:38:42.011" endtime="20211214 05:38:42.352"/>
</kw>
<kw name="Press Keys" library="SeleniumLibrary">
<arg>//*[@id="dt_barrier_1_input"]</arg>
<arg>SHIFT+=</arg>
<doc>Simulates the user pressing key(s) to an element or on the active browser.</doc>
<msg timestamp="20211214 05:38:42.353" level="INFO">Sending key(s) ('SHIFT+=',) to //*[@id="dt_barrier_1_input"] element.</msg>
<msg timestamp="20211214 05:38:42.619" level="INFO">Pressing special key SHIFT down.</msg>
<msg timestamp="20211214 05:38:42.619" level="INFO">Sending key =</msg>
<msg timestamp="20211214 05:38:42.619" level="INFO">Releasing special key SHIFT.</msg>
<status status="PASS" starttime="20211214 05:38:42.352" endtime="20211214 05:38:42.642"/>
</kw>
<kw name="Press Keys" library="SeleniumLibrary">
<arg>//*[@id="dt_barrier_1_input"]</arg>
<arg>0.77152</arg>
<doc>Simulates the user pressing key(s) to an element or on the active browser.</doc>
<msg timestamp="20211214 05:38:42.643" level="INFO">Sending key(s) ('0.77152',) to //*[@id="dt_barrier_1_input"] element.</msg>
<msg timestamp="20211214 05:38:43.094" level="INFO">Sending keys 0.77152</msg>
<status status="PASS" starttime="20211214 05:38:42.642" endtime="20211214 05:38:43.308"/>
</kw>
<kw name="Sleep" library="BuiltIn">
<arg>2</arg>
<doc>Pauses the test executed for the given time.</doc>
<msg timestamp="20211214 05:38:45.309" level="INFO">Slept 2 seconds</msg>
<status status="PASS" starttime="20211214 05:38:43.309" endtime="20211214 05:38:45.309"/>
</kw>
<kw name="Run Keyword And Return Status" library="BuiltIn">
<var>${Status}</var>
<arg>Element Should be Disabled</arg>
<arg>//*[@id="dt_purchase_put_button"]</arg>
<doc>Runs the given keyword with given arguments and returns the status as a Boolean value.</doc>
<kw name="Element Should Be Disabled" library="SeleniumLibrary">
<arg>//*[@id="dt_purchase_put_button"]</arg>
<doc>Verifies that element identified by ``locator`` is disabled.</doc>
<status status="PASS" starttime="20211214 05:38:45.309" endtime="20211214 05:38:45.323"/>
</kw>
<msg timestamp="20211214 05:38:45.323" level="INFO">${Status} = True</msg>
<status status="PASS" starttime="20211214 05:38:45.309" endtime="20211214 05:38:45.323"/>
</kw>
<kw name="Log" library="BuiltIn">
<arg>Lower button has been disabled. Condition is ${Status}</arg>
<doc>Logs the given message with the given level.</doc>
<msg timestamp="20211214 05:38:45.323" level="INFO">Lower button has been disabled. Condition is True</msg>
<status status="PASS" starttime="20211214 05:38:45.323" endtime="20211214 05:38:45.323"/>
</kw>
<kw name="Sleep" library="BuiltIn">
<arg>3</arg>
<doc>Pauses the test executed for the given time.</doc>
<msg timestamp="20211214 05:38:48.324" level="INFO">Slept 3 seconds</msg>
<status status="PASS" starttime="20211214 05:38:45.323" endtime="20211214 05:38:48.325"/>
</kw>
<kw name="Sleep" library="BuiltIn">
<arg>2</arg>
<doc>Pauses the test executed for the given time.</doc>
<msg timestamp="20211214 05:38:50.327" level="INFO">Slept 2 seconds</msg>
<status status="PASS" starttime="20211214 05:38:48.326" endtime="20211214 05:38:50.327"/>
</kw>
<kw name="Wait Until Page Contains" library="SeleniumLibrary">
<arg>Contracts more than 24 hours in duration would need an absolute barrier</arg>
<arg>30</arg>
<doc>Waits until ``text`` appears on the current page.</doc>
<status status="PASS" starttime="20211214 05:38:50.327" endtime="20211214 05:38:50.632"/>
</kw>
<kw name="Run Keyword And Return Status" library="BuiltIn">
<var>${ValidateText}</var>
<arg>page should contain</arg>
<arg>Contracts more than 24 hours in duration would need an absolute barrier</arg>
<doc>Runs the given keyword with given arguments and returns the status as a Boolean value.</doc>
<kw name="Page Should Contain" library="SeleniumLibrary">
<arg>Contracts more than 24 hours in duration would need an absolute barrier</arg>
<doc>Verifies that current page contains ``text``.</doc>
<msg timestamp="20211214 05:38:50.644" level="INFO">Current page contains text 'Contracts more than 24 hours in duration would need an absolute barrier'.</msg>
<status status="PASS" starttime="20211214 05:38:50.633" endtime="20211214 05:38:50.644"/>
</kw>
<msg timestamp="20211214 05:38:50.644" level="INFO">${ValidateText} = True</msg>
<status status="PASS" starttime="20211214 05:38:50.632" endtime="20211214 05:38:50.644"/>
</kw>
<kw name="Log" library="BuiltIn">
<arg>Error Text is displayed. Condition is ${ValidateText}</arg>
<doc>Logs the given message with the given level.</doc>
<msg timestamp="20211214 05:38:50.644" level="INFO">Error Text is displayed. Condition is True</msg>
<status status="PASS" starttime="20211214 05:38:50.644" endtime="20211214 05:38:50.644"/>
</kw>
<status status="PASS" starttime="20211214 05:38:37.344" endtime="20211214 05:38:50.644"/>
</kw>
<status status="PASS" starttime="20211214 05:38:37.343" endtime="20211214 05:38:50.644"/>
</test>
<status status="FAIL" starttime="20211214 05:37:37.484" endtime="20211214 05:38:50.645"/>
</suite>
<statistics>
<total>
<stat pass="3" fail="1" skip="0">All Tests</stat>
</total>
<tag>
</tag>
<suite>
<stat pass="3" fail="1" skip="0" id="s1" name="Test">Test</stat>
</suite>
</statistics>
<errors>
</errors>
</robot>
