<?xml version="1.0" encoding="UTF-8"?>
<robot generator="Robot 4.1.2 (Python 3.8.10 on linux)" generated="20211214 14:11:26.720" rpa="false" schemaversion="2">
<suite id="s1" name="Test" source="/home/nadiah/Desktop/pythonProject/Demo/Day6Project/test.robot">
<test id="s1-t1" name="Log In">
<kw name="Login" library="testDetails">
<arg>${my_email}</arg>
<arg>${my_pw}</arg>
<arg>${link1}</arg>
<kw name="Open Browser" library="SeleniumLibrary">
<arg>${link}</arg>
<arg>browser=chrome</arg>
<doc>Opens a new browser instance to the optional ``url``.</doc>
<msg timestamp="20211214 14:11:26.805" level="INFO">Opening browser 'chrome' to base url 'https://app.deriv.com/account/api-token'.</msg>
<status status="PASS" starttime="20211214 14:11:26.804" endtime="20211214 14:11:34.254"/>
</kw>
<kw name="Maximize Browser Window" library="SeleniumLibrary">
<doc>Maximizes current browser window.</doc>
<status status="PASS" starttime="20211214 14:11:34.254" endtime="20211214 14:11:34.365"/>
</kw>
<kw name="Sleep" library="BuiltIn">
<arg>2</arg>
<doc>Pauses the test executed for the given time.</doc>
<msg timestamp="20211214 14:11:36.367" level="INFO">Slept 2 seconds</msg>
<status status="PASS" starttime="20211214 14:11:34.366" endtime="20211214 14:11:36.367"/>
</kw>
<kw name="Click Element" library="SeleniumLibrary">
<arg>${login_auth_button}</arg>
<doc>Click the element identified by ``locator``.</doc>
<msg timestamp="20211214 14:11:36.368" level="INFO">Clicking element '//*[text()="Log in"]'.</msg>
<status status="PASS" starttime="20211214 14:11:36.368" endtime="20211214 14:11:36.435"/>
</kw>
<kw name="Sleep" library="BuiltIn">
<arg>4</arg>
<doc>Pauses the test executed for the given time.</doc>
<msg timestamp="20211214 14:11:40.435" level="INFO">Slept 4 seconds</msg>
<status status="PASS" starttime="20211214 14:11:36.435" endtime="20211214 14:11:40.436"/>
</kw>
<kw name="Click Element" library="SeleniumLibrary">
<arg>name=email</arg>
<doc>Click the element identified by ``locator``.</doc>
<msg timestamp="20211214 14:11:40.436" level="INFO">Clicking element 'name=email'.</msg>
<status status="PASS" starttime="20211214 14:11:40.436" endtime="20211214 14:11:40.496"/>
</kw>
<kw name="Sleep" library="BuiltIn">
<arg>2</arg>
<doc>Pauses the test executed for the given time.</doc>
<msg timestamp="20211214 14:11:42.497" level="INFO">Slept 2 seconds</msg>
<status status="PASS" starttime="20211214 14:11:40.496" endtime="20211214 14:11:42.497"/>
</kw>
<kw name="Click Element" library="SeleniumLibrary">
<arg>${login_auth_button}</arg>
<doc>Click the element identified by ``locator``.</doc>
<msg timestamp="20211214 14:11:42.498" level="INFO">Clicking element '//*[text()="Log in"]'.</msg>
<status status="PASS" starttime="20211214 14:11:42.497" endtime="20211214 14:11:42.545"/>
</kw>
<kw name="Sleep" library="BuiltIn">
<arg>2</arg>
<doc>Pauses the test executed for the given time.</doc>
<msg timestamp="20211214 14:11:44.546" level="INFO">Slept 2 seconds</msg>
<status status="PASS" starttime="20211214 14:11:42.545" endtime="20211214 14:11:44.546"/>
</kw>
<kw name="Click Element" library="SeleniumLibrary">
<arg>${pw_field}</arg>
<doc>Click the element identified by ``locator``.</doc>
<msg timestamp="20211214 14:11:44.547" level="INFO">Clicking element '//*[@type="password"]'.</msg>
<status status="PASS" starttime="20211214 14:11:44.546" endtime="20211214 14:11:44.594"/>
</kw>
<kw name="Sleep" library="BuiltIn">
<arg>2</arg>
<doc>Pauses the test executed for the given time.</doc>
<msg timestamp="20211214 14:11:46.594" level="INFO">Slept 2 seconds</msg>
<status status="PASS" starttime="20211214 14:11:44.594" endtime="20211214 14:11:46.595"/>
</kw>
<kw name="Click Element" library="SeleniumLibrary">
<arg>${login_auth_button}</arg>
<doc>Click the element identified by ``locator``.</doc>
<msg timestamp="20211214 14:11:46.595" level="INFO">Clicking element '//*[text()="Log in"]'.</msg>
<status status="PASS" starttime="20211214 14:11:46.595" endtime="20211214 14:11:46.645"/>
</kw>
<kw name="Sleep" library="BuiltIn">
<arg>2</arg>
<doc>Pauses the test executed for the given time.</doc>
<msg timestamp="20211214 14:11:48.646" level="INFO">Slept 2 seconds</msg>
<status status="PASS" starttime="20211214 14:11:46.645" endtime="20211214 14:11:48.646"/>
</kw>
<kw name="Input Text" library="SeleniumLibrary">
<arg>${email_field}</arg>
<arg>${email}</arg>
<doc>Types the given ``text`` into the text field identified by ``locator``.</doc>
<msg timestamp="20211214 14:11:48.647" level="INFO">Typing text 'adsad2247@gmail.com' into text field 'name=email'.</msg>
<status status="PASS" starttime="20211214 14:11:48.646" endtime="20211214 14:11:48.732"/>
</kw>
<kw name="Input Text" library="SeleniumLibrary">
<arg>${pw_field}</arg>
<arg>${pw}</arg>
<doc>Types the given ``text`` into the text field identified by ``locator``.</doc>
<msg timestamp="20211214 14:11:48.733" level="INFO">Typing text 'Testing1234' into text field '//*[@type="password"]'.</msg>
<status status="PASS" starttime="20211214 14:11:48.733" endtime="20211214 14:11:48.777"/>
</kw>
<kw name="Sleep" library="BuiltIn">
<arg>2</arg>
<doc>Pauses the test executed for the given time.</doc>
<msg timestamp="20211214 14:11:50.777" level="INFO">Slept 2 seconds</msg>
<status status="PASS" starttime="20211214 14:11:48.777" endtime="20211214 14:11:50.778"/>
</kw>
<kw name="Click Element" library="SeleniumLibrary">
<arg>${login_auth_button}</arg>
<doc>Click the element identified by ``locator``.</doc>
<msg timestamp="20211214 14:11:50.779" level="INFO">Clicking element '//*[text()="Log in"]'.</msg>
<status status="PASS" starttime="20211214 14:11:50.778" endtime="20211214 14:11:56.179"/>
</kw>
<status status="PASS" starttime="20211214 14:11:26.804" endtime="20211214 14:11:56.180"/>
</kw>
<status status="PASS" starttime="20211214 14:11:26.804" endtime="20211214 14:11:56.180"/>
</test>
<test id="s1-t2" name="Checkbox Functionality">
<kw name="SelectCheckboxScopes" library="testDetails">
<kw name="Sleep" library="BuiltIn">
<arg>2</arg>
<doc>Pauses the test executed for the given time.</doc>
<msg timestamp="20211214 14:11:58.182" level="INFO">Slept 2 seconds</msg>
<status status="PASS" starttime="20211214 14:11:56.181" endtime="20211214 14:11:58.182"/>
</kw>
<kw name="Wait Until Page Does Not Contain Element" library="SeleniumLibrary">
<arg>//*[contains(@class, 'initial-loader account__initial-loader')]</arg>
<arg>60</arg>
<doc>Waits until the element ``locator`` disappears from the current page.</doc>
<status status="PASS" starttime="20211214 14:11:58.182" endtime="20211214 14:11:58.202"/>
</kw>
<kw name="Sleep" library="BuiltIn">
<arg>2</arg>
<doc>Pauses the test executed for the given time.</doc>
<msg timestamp="20211214 14:12:00.203" level="INFO">Slept 2 seconds</msg>
<status status="PASS" starttime="20211214 14:11:58.203" endtime="20211214 14:12:00.203"/>
</kw>
<kw name="Click Element" library="SeleniumLibrary">
<arg>//*[text()="Read"]</arg>
<doc>Click the element identified by ``locator``.</doc>
<msg timestamp="20211214 14:12:00.204" level="INFO">Clicking element '//*[text()="Read"]'.</msg>
<status status="PASS" starttime="20211214 14:12:00.203" endtime="20211214 14:12:00.267"/>
</kw>
<kw name="Sleep" library="BuiltIn">
<arg>1</arg>
<doc>Pauses the test executed for the given time.</doc>
<msg timestamp="20211214 14:12:01.268" level="INFO">Slept 1 second</msg>
<status status="PASS" starttime="20211214 14:12:00.267" endtime="20211214 14:12:01.268"/>
</kw>
<kw name="Click Element" library="SeleniumLibrary">
<arg>//*[text()="Read"]</arg>
<doc>Click the element identified by ``locator``.</doc>
<msg timestamp="20211214 14:12:01.269" level="INFO">Clicking element '//*[text()="Read"]'.</msg>
<status status="PASS" starttime="20211214 14:12:01.268" endtime="20211214 14:12:01.324"/>
</kw>
<kw name="Sleep" library="BuiltIn">
<arg>2</arg>
<doc>Pauses the test executed for the given time.</doc>
<msg timestamp="20211214 14:12:03.325" level="INFO">Slept 2 seconds</msg>
<status status="PASS" starttime="20211214 14:12:01.324" endtime="20211214 14:12:03.325"/>
</kw>
<kw name="Click Element" library="SeleniumLibrary">
<arg>//*[text()="Trade"]</arg>
<doc>Click the element identified by ``locator``.</doc>
<msg timestamp="20211214 14:12:03.326" level="INFO">Clicking element '//*[text()="Trade"]'.</msg>
<status status="PASS" starttime="20211214 14:12:03.325" endtime="20211214 14:12:03.376"/>
</kw>
<kw name="Sleep" library="BuiltIn">
<arg>1</arg>
<doc>Pauses the test executed for the given time.</doc>
<msg timestamp="20211214 14:12:04.377" level="INFO">Slept 1 second</msg>
<status status="PASS" starttime="20211214 14:12:03.376" endtime="20211214 14:12:04.377"/>
</kw>
<kw name="Click Element" library="SeleniumLibrary">
<arg>//*[text()="Trade"]</arg>
<doc>Click the element identified by ``locator``.</doc>
<msg timestamp="20211214 14:12:04.378" level="INFO">Clicking element '//*[text()="Trade"]'.</msg>
<status status="PASS" starttime="20211214 14:12:04.377" endtime="20211214 14:12:04.436"/>
</kw>
<kw name="Sleep" library="BuiltIn">
<arg>2</arg>
<doc>Pauses the test executed for the given time.</doc>
<msg timestamp="20211214 14:12:06.436" level="INFO">Slept 2 seconds</msg>
<status status="PASS" starttime="20211214 14:12:04.436" endtime="20211214 14:12:06.437"/>
</kw>
<kw name="Click Element" library="SeleniumLibrary">
<arg>//*[text()="Payments"]</arg>
<doc>Click the element identified by ``locator``.</doc>
<msg timestamp="20211214 14:12:06.437" level="INFO">Clicking element '//*[text()="Payments"]'.</msg>
<status status="PASS" starttime="20211214 14:12:06.437" endtime="20211214 14:12:06.503"/>
</kw>
<kw name="Sleep" library="BuiltIn">
<arg>1</arg>
<doc>Pauses the test executed for the given time.</doc>
<msg timestamp="20211214 14:12:07.503" level="INFO">Slept 1 second</msg>
<status status="PASS" starttime="20211214 14:12:06.503" endtime="20211214 14:12:07.504"/>
</kw>
<kw name="Click Element" library="SeleniumLibrary">
<arg>//*[text()="Payments"]</arg>
<doc>Click the element identified by ``locator``.</doc>
<msg timestamp="20211214 14:12:07.504" level="INFO">Clicking element '//*[text()="Payments"]'.</msg>
<status status="PASS" starttime="20211214 14:12:07.504" endtime="20211214 14:12:07.553"/>
</kw>
<kw name="Sleep" library="BuiltIn">
<arg>2</arg>
<doc>Pauses the test executed for the given time.</doc>
<msg timestamp="20211214 14:12:09.553" level="INFO">Slept 2 seconds</msg>
<status status="PASS" starttime="20211214 14:12:07.553" endtime="20211214 14:12:09.554"/>
</kw>
<kw name="Click Element" library="SeleniumLibrary">
<arg>//*[text()="Admin"]</arg>
<doc>Click the element identified by ``locator``.</doc>
<msg timestamp="20211214 14:12:09.554" level="INFO">Clicking element '//*[text()="Admin"]'.</msg>
<status status="PASS" starttime="20211214 14:12:09.554" endtime="20211214 14:12:09.611"/>
</kw>
<kw name="Sleep" library="BuiltIn">
<arg>1</arg>
<doc>Pauses the test executed for the given time.</doc>
<msg timestamp="20211214 14:12:10.612" level="INFO">Slept 1 second</msg>
<status status="PASS" starttime="20211214 14:12:09.611" endtime="20211214 14:12:10.612"/>
</kw>
<kw name="Click Element" library="SeleniumLibrary">
<arg>//*[text()="Admin"]</arg>
<doc>Click the element identified by ``locator``.</doc>
<msg timestamp="20211214 14:12:10.613" level="INFO">Clicking element '//*[text()="Admin"]'.</msg>
<status status="PASS" starttime="20211214 14:12:10.612" endtime="20211214 14:12:10.665"/>
</kw>
<kw name="Sleep" library="BuiltIn">
<arg>2</arg>
<doc>Pauses the test executed for the given time.</doc>
<msg timestamp="20211214 14:12:12.666" level="INFO">Slept 2 seconds</msg>
<status status="PASS" starttime="20211214 14:12:10.666" endtime="20211214 14:12:12.666"/>
</kw>
<kw name="Click Element" library="SeleniumLibrary">
<arg>//*[text()="Trading information"]</arg>
<doc>Click the element identified by ``locator``.</doc>
<msg timestamp="20211214 14:12:12.667" level="INFO">Clicking element '//*[text()="Trading information"]'.</msg>
<status status="PASS" starttime="20211214 14:12:12.667" endtime="20211214 14:12:12.724"/>
</kw>
<kw name="Sleep" library="BuiltIn">
<arg>1</arg>
<doc>Pauses the test executed for the given time.</doc>
<msg timestamp="20211214 14:12:13.725" level="INFO">Slept 1 second</msg>
<status status="PASS" starttime="20211214 14:12:12.724" endtime="20211214 14:12:13.725"/>
</kw>
<kw name="Click Element" library="SeleniumLibrary">
<arg>//*[text()="Trading information"]</arg>
<doc>Click the element identified by ``locator``.</doc>
<msg timestamp="20211214 14:12:13.726" level="INFO">Clicking element '//*[text()="Trading information"]'.</msg>
<status status="PASS" starttime="20211214 14:12:13.725" endtime="20211214 14:12:13.780"/>
</kw>
<kw name="Sleep" library="BuiltIn">
<arg>2</arg>
<doc>Pauses the test executed for the given time.</doc>
<msg timestamp="20211214 14:12:15.781" level="INFO">Slept 2 seconds</msg>
<status status="PASS" starttime="20211214 14:12:13.781" endtime="20211214 14:12:15.781"/>
</kw>
<kw name="Click Element" library="SeleniumLibrary">
<arg>//*[text()="Read"]</arg>
<doc>Click the element identified by ``locator``.</doc>
<msg timestamp="20211214 14:12:15.782" level="INFO">Clicking element '//*[text()="Read"]'.</msg>
<status status="PASS" starttime="20211214 14:12:15.782" endtime="20211214 14:12:15.837"/>
</kw>
<kw name="Click Element" library="SeleniumLibrary">
<arg>//*[text()="Trading information"]</arg>
<doc>Click the element identified by ``locator``.</doc>
<msg timestamp="20211214 14:12:15.838" level="INFO">Clicking element '//*[text()="Trading information"]'.</msg>
<status status="PASS" starttime="20211214 14:12:15.837" endtime="20211214 14:12:15.868"/>
</kw>
<kw name="Sleep" library="BuiltIn">
<arg>2</arg>
<doc>Pauses the test executed for the given time.</doc>
<msg timestamp="20211214 14:12:17.869" level="INFO">Slept 2 seconds</msg>
<status status="PASS" starttime="20211214 14:12:15.868" endtime="20211214 14:12:17.870"/>
</kw>
<status status="PASS" starttime="20211214 14:11:56.181" endtime="20211214 14:12:17.870"/>
</kw>
<status status="PASS" starttime="20211214 14:11:56.180" endtime="20211214 14:12:17.870"/>
</test>
<test id="s1-t3" name="Token Field">
<kw name="CheckTokenField" library="testDetails">
<kw name="Press Keys" library="SeleniumLibrary">
<arg>//*[@type="text"]</arg>
<arg>SHIFT+8</arg>
<doc>Simulates the user pressing key(s) to an element or on the active browser.</doc>
<msg timestamp="20211214 14:12:17.873" level="INFO">Sending key(s) ('SHIFT+8',) to //*[@type="text"] element.</msg>
<msg timestamp="20211214 14:12:18.156" level="INFO">Pressing special key SHIFT down.</msg>
<msg timestamp="20211214 14:12:18.157" level="INFO">Sending key 8</msg>
<msg timestamp="20211214 14:12:18.157" level="INFO">Releasing special key SHIFT.</msg>
<status status="PASS" starttime="20211214 14:12:17.873" endtime="20211214 14:12:18.192"/>
</kw>
<kw name="Press Keys" library="SeleniumLibrary">
<arg>//*[@type="text"]</arg>
<arg>SHIFT+8</arg>
<doc>Simulates the user pressing key(s) to an element or on the active browser.</doc>
<msg timestamp="20211214 14:12:18.193" level="INFO">Sending key(s) ('SHIFT+8',) to //*[@type="text"] element.</msg>
<msg timestamp="20211214 14:12:18.470" level="INFO">Pressing special key SHIFT down.</msg>
<msg timestamp="20211214 14:12:18.470" level="INFO">Sending key 8</msg>
<msg timestamp="20211214 14:12:18.470" level="INFO">Releasing special key SHIFT.</msg>
<status status="PASS" starttime="20211214 14:12:18.192" endtime="20211214 14:12:18.492"/>
</kw>
<kw name="Press Keys" library="SeleniumLibrary">
<arg>//*[@type="text"]</arg>
<arg>SHIFT+8</arg>
<doc>Simulates the user pressing key(s) to an element or on the active browser.</doc>
<msg timestamp="20211214 14:12:18.492" level="INFO">Sending key(s) ('SHIFT+8',) to //*[@type="text"] element.</msg>
<msg timestamp="20211214 14:12:18.762" level="INFO">Pressing special key SHIFT down.</msg>
<msg timestamp="20211214 14:12:18.762" level="INFO">Sending key 8</msg>
<msg timestamp="20211214 14:12:18.762" level="INFO">Releasing special key SHIFT.</msg>
<status status="PASS" starttime="20211214 14:12:18.492" endtime="20211214 14:12:18.783"/>
</kw>
<kw name="Press Keys" library="SeleniumLibrary">
<arg>//*[@type="text"]</arg>
<arg>SHIFT+8</arg>
<doc>Simulates the user pressing key(s) to an element or on the active browser.</doc>
<msg timestamp="20211214 14:12:18.784" level="INFO">Sending key(s) ('SHIFT+8',) to //*[@type="text"] element.</msg>
<msg timestamp="20211214 14:12:19.053" level="INFO">Pressing special key SHIFT down.</msg>
<msg timestamp="20211214 14:12:19.053" level="INFO">Sending key 8</msg>
<msg timestamp="20211214 14:12:19.053" level="INFO">Releasing special key SHIFT.</msg>
<status status="PASS" starttime="20211214 14:12:18.784" endtime="20211214 14:12:19.075"/>
</kw>
<kw name="Sleep" library="BuiltIn">
<arg>2</arg>
<doc>Pauses the test executed for the given time.</doc>
<msg timestamp="20211214 14:12:21.076" level="INFO">Slept 2 seconds</msg>
<status status="PASS" starttime="20211214 14:12:19.076" endtime="20211214 14:12:21.077"/>
</kw>
<kw name="Press Keys" library="SeleniumLibrary">
<arg>//*[@type="text"]</arg>
<arg>CTRL+A</arg>
<arg>BACKSPACE</arg>
<doc>Simulates the user pressing key(s) to an element or on the active browser.</doc>
<msg timestamp="20211214 14:12:21.078" level="INFO">Sending key(s) ('CTRL+A', 'BACKSPACE') to //*[@type="text"] element.</msg>
<msg timestamp="20211214 14:12:21.358" level="INFO">Pressing special key CONTROL down.</msg>
<msg timestamp="20211214 14:12:21.358" level="INFO">Sending key A</msg>
<msg timestamp="20211214 14:12:21.358" level="INFO">Releasing special key CONTROL.</msg>
<msg timestamp="20211214 14:12:21.370" level="INFO">Pressing special key BACKSPACE to element.</msg>
<msg timestamp="20211214 14:12:21.370" level="INFO">Releasing special key BACKSPACE.</msg>
<status status="PASS" starttime="20211214 14:12:21.077" endtime="20211214 14:12:21.380"/>
</kw>
<kw name="Sleep" library="BuiltIn">
<arg>1</arg>
<doc>Pauses the test executed for the given time.</doc>
<msg timestamp="20211214 14:12:22.380" level="INFO">Slept 1 second</msg>
<status status="PASS" starttime="20211214 14:12:21.380" endtime="20211214 14:12:22.380"/>
</kw>
<kw name="Press Keys" library="SeleniumLibrary">
<arg>//*[@type="text"]</arg>
<arg>Test1</arg>
<doc>Simulates the user pressing key(s) to an element or on the active browser.</doc>
<msg timestamp="20211214 14:12:22.381" level="INFO">Sending key(s) ('Test1',) to //*[@type="text"] element.</msg>
<msg timestamp="20211214 14:12:22.661" level="INFO">Sending keys Test1</msg>
<status status="PASS" starttime="20211214 14:12:22.381" endtime="20211214 14:12:22.714"/>
</kw>
<kw name="Sleep" library="BuiltIn">
<arg>2</arg>
<doc>Pauses the test executed for the given time.</doc>
<msg timestamp="20211214 14:12:24.715" level="INFO">Slept 2 seconds</msg>
<status status="PASS" starttime="20211214 14:12:22.714" endtime="20211214 14:12:24.715"/>
</kw>
<status status="PASS" starttime="20211214 14:12:17.872" endtime="20211214 14:12:24.716"/>
</kw>
<status status="PASS" starttime="20211214 14:12:17.871" endtime="20211214 14:12:24.716"/>
</test>
<test id="s1-t4" name="Create Button">
<kw name="CheckCreateButton" library="testDetails">
<kw name="Click Element" library="SeleniumLibrary">
<arg>//*[text()="Read"]</arg>
<doc>Click the element identified by ``locator``.</doc>
<msg timestamp="20211214 14:12:24.719" level="INFO">Clicking element '//*[text()="Read"]'.</msg>
<status status="PASS" starttime="20211214 14:12:24.718" endtime="20211214 14:12:24.757"/>
</kw>
<kw name="Click Element" library="SeleniumLibrary">
<arg>//*[text()="Trading information"]</arg>
<doc>Click the element identified by ``locator``.</doc>
<msg timestamp="20211214 14:12:24.758" level="INFO">Clicking element '//*[text()="Trading information"]'.</msg>
<status status="PASS" starttime="20211214 14:12:24.757" endtime="20211214 14:12:24.789"/>
</kw>
<status status="PASS" starttime="20211214 14:12:24.718" endtime="20211214 14:12:24.789"/>
</kw>
<status status="PASS" starttime="20211214 14:12:24.717" endtime="20211214 14:12:24.789"/>
</test>
<test id="s1-t5" name="API Key">
<kw name="CreateAPIKey" library="testDetails">
<kw name="Sleep" library="BuiltIn">
<arg>1</arg>
<doc>Pauses the test executed for the given time.</doc>
<msg timestamp="20211214 14:12:25.790" level="INFO">Slept 1 second</msg>
<status status="PASS" starttime="20211214 14:12:24.790" endtime="20211214 14:12:25.790"/>
</kw>
<kw name="Press Keys" library="SeleniumLibrary">
<arg>//*[@type="text"]</arg>
<arg>CTRL+A</arg>
<arg>BACKSPACE</arg>
<doc>Simulates the user pressing key(s) to an element or on the active browser.</doc>
<msg timestamp="20211214 14:12:25.791" level="INFO">Sending key(s) ('CTRL+A', 'BACKSPACE') to //*[@type="text"] element.</msg>
<msg timestamp="20211214 14:12:26.074" level="INFO">Pressing special key CONTROL down.</msg>
<msg timestamp="20211214 14:12:26.074" level="INFO">Sending key A</msg>
<msg timestamp="20211214 14:12:26.074" level="INFO">Releasing special key CONTROL.</msg>
<msg timestamp="20211214 14:12:26.082" level="INFO">Pressing special key BACKSPACE to element.</msg>
<msg timestamp="20211214 14:12:26.082" level="INFO">Releasing special key BACKSPACE.</msg>
<status status="PASS" starttime="20211214 14:12:25.790" endtime="20211214 14:12:26.092"/>
</kw>
<kw name="Sleep" library="BuiltIn">
<arg>1</arg>
<doc>Pauses the test executed for the given time.</doc>
<msg timestamp="20211214 14:12:27.092" level="INFO">Slept 1 second</msg>
<status status="PASS" starttime="20211214 14:12:26.092" endtime="20211214 14:12:27.092"/>
</kw>
<kw name="Press Keys" library="SeleniumLibrary">
<arg>//*[@type="text"]</arg>
<arg>Test1</arg>
<doc>Simulates the user pressing key(s) to an element or on the active browser.</doc>
<msg timestamp="20211214 14:12:27.093" level="INFO">Sending key(s) ('Test1',) to //*[@type="text"] element.</msg>
<msg timestamp="20211214 14:12:27.373" level="INFO">Sending keys Test1</msg>
<status status="PASS" starttime="20211214 14:12:27.093" endtime="20211214 14:12:27.406"/>
</kw>
<kw name="Sleep" library="BuiltIn">
<arg>1</arg>
<doc>Pauses the test executed for the given time.</doc>
<msg timestamp="20211214 14:12:28.407" level="INFO">Slept 1 second</msg>
<status status="PASS" starttime="20211214 14:12:27.407" endtime="20211214 14:12:28.407"/>
</kw>
<kw name="Wait Until Page Contains" library="SeleniumLibrary">
<arg>Create</arg>
<doc>Waits until ``text`` appears on the current page.</doc>
<status status="PASS" starttime="20211214 14:12:28.408" endtime="20211214 14:12:28.426"/>
</kw>
<kw name="Click Element" library="SeleniumLibrary">
<arg>//*[text()="Create"]</arg>
<doc>Click the element identified by ``locator``.</doc>
<msg timestamp="20211214 14:12:28.426" level="INFO">Clicking element '//*[text()="Create"]'.</msg>
<kw name="Capture Page Screenshot" library="SeleniumLibrary">
<doc>Takes a screenshot of the current page and embeds it into a log file.</doc>
<msg timestamp="20211214 14:12:29.590" level="INFO" html="true">&lt;/td&gt;&lt;/tr&gt;&lt;tr&gt;&lt;td colspan="3"&gt;&lt;a href="selenium-screenshot-16.png"&gt;&lt;img src="selenium-screenshot-16.png" width="800px"&gt;&lt;/a&gt;</msg>
<status status="PASS" starttime="20211214 14:12:29.478" endtime="20211214 14:12:29.591"/>
</kw>
<msg timestamp="20211214 14:12:29.592" level="FAIL">ElementClickInterceptedException: Message: element click intercepted: Element &lt;span class="dc-text dc-btn__text" style="--text-size:var(--text-size-xs); --text-color:var(--text-general); --text-lh:var(--text-lh-m); --text-weight:var(--text-weight-bold); --text-align:var(--text-align-center);"&gt;...&lt;/span&gt; is not clickable at point (1268, 536). Other element would receive the click: &lt;button class="dc-btn dc-btn__effect dc-btn--primary dc-btn__large da-api-token__button" tabindex="0" type="submit" disabled=""&gt;...&lt;/button&gt;
  (Session info: chrome=96.0.4664.93)
Stacktrace:
#0 0x55c080940ee3 &lt;unknown&gt;
#1 0x55c08040e608 &lt;unknown&gt;
#2 0x55c08044c044 &lt;unknown&gt;
#3 0x55c080449af4 &lt;unknown&gt;
#4 0x55c0804472da &lt;unknown&gt;
#5 0x55c080445ce2 &lt;unknown&gt;
#6 0x55c0804397b8 &lt;unknown&gt;
#7 0x55c080462272 &lt;unknown&gt;
#8 0x55c080439063 &lt;unknown&gt;
#9 0x55c08046237e &lt;unknown&gt;
#10 0x55c0804753bc &lt;unknown&gt;
#11 0x55c080462163 &lt;unknown&gt;
#12 0x55c080437bfc &lt;unknown&gt;
#13 0x55c080438c05 &lt;unknown&gt;
#14 0x55c080972baa &lt;unknown&gt;
#15 0x55c080988651 &lt;unknown&gt;
#16 0x55c080973b05 &lt;unknown&gt;
#17 0x55c080989a68 &lt;unknown&gt;
#18 0x55c08096805f &lt;unknown&gt;
#19 0x55c0809a4818 &lt;unknown&gt;
#20 0x55c0809a4998 &lt;unknown&gt;
#21 0x55c0809bfeed &lt;unknown&gt;
#22 0x7f2cfd978609 &lt;unknown&gt;
</msg>
<status status="FAIL" starttime="20211214 14:12:28.426" endtime="20211214 14:12:29.592"/>
</kw>
<kw name="Sleep" library="BuiltIn">
<arg>2</arg>
<doc>Pauses the test executed for the given time.</doc>
<status status="NOT RUN" starttime="20211214 14:12:29.592" endtime="20211214 14:12:29.592"/>
</kw>
<kw name="Wait Until Page Contains" library="SeleniumLibrary">
<arg>Delete</arg>
<arg>30</arg>
<doc>Waits until ``text`` appears on the current page.</doc>
<status status="NOT RUN" starttime="20211214 14:12:29.593" endtime="20211214 14:12:29.593"/>
</kw>
<kw name="Sleep" library="BuiltIn">
<arg>2</arg>
<doc>Pauses the test executed for the given time.</doc>
<status status="NOT RUN" starttime="20211214 14:12:29.593" endtime="20211214 14:12:29.593"/>
</kw>
<kw name="Wait Until Page Contains" library="SeleniumLibrary">
<arg>No</arg>
<doc>Waits until ``text`` appears on the current page.</doc>
<status status="NOT RUN" starttime="20211214 14:12:29.593" endtime="20211214 14:12:29.593"/>
</kw>
<kw name="Click Element" library="SeleniumLibrary">
<arg>//*[text()="No"]</arg>
<doc>Click the element identified by ``locator``.</doc>
<status status="NOT RUN" starttime="20211214 14:12:29.593" endtime="20211214 14:12:29.593"/>
</kw>
<kw name="Sleep" library="BuiltIn">
<arg>2</arg>
<doc>Pauses the test executed for the given time.</doc>
<status status="NOT RUN" starttime="20211214 14:12:29.593" endtime="20211214 14:12:29.593"/>
</kw>
<kw name="Wait Until Page Contains" library="SeleniumLibrary">
<arg>Yes</arg>
<arg>30</arg>
<doc>Waits until ``text`` appears on the current page.</doc>
<status status="NOT RUN" starttime="20211214 14:12:29.593" endtime="20211214 14:12:29.593"/>
</kw>
<kw name="Click Element" library="SeleniumLibrary">
<arg>//*[text()="Create"]</arg>
<doc>Click the element identified by ``locator``.</doc>
<status status="NOT RUN" starttime="20211214 14:12:29.593" endtime="20211214 14:12:29.593"/>
</kw>
<kw name="Sleep" library="BuiltIn">
<arg>2</arg>
<doc>Pauses the test executed for the given time.</doc>
<status status="NOT RUN" starttime="20211214 14:12:29.593" endtime="20211214 14:12:29.593"/>
</kw>
<status status="FAIL" starttime="20211214 14:12:24.789" endtime="20211214 14:12:29.594"/>
</kw>
<status status="FAIL" starttime="20211214 14:12:24.789" endtime="20211214 14:12:29.594">ElementClickInterceptedException: Message: element click intercepted: Element &lt;span class="dc-text dc-btn__text" style="--text-size:var(--text-size-xs); --text-color:var(--text-general); --text-lh:var(--text-lh-m); --text-weight:var(--text-weight-bold); --text-align:var(--text-align-center);"&gt;...&lt;/span&gt; is not clickable at point (1268, 536). Other element would receive the click: &lt;button class="dc-btn dc-btn__effect dc-btn--primary dc-btn__large da-api-token__button" tabindex="0" type="submit" disabled=""&gt;...&lt;/button&gt;
  (Session info: chrome=96.0.4664.93)
Stacktrace:
#0 0x55c080940ee3 &lt;unknown&gt;
#1 0x55c08040e608 &lt;unknown&gt;
#2 0x55c08044c044 &lt;unknown&gt;
#3 0x55c080449af4 &lt;unknown&gt;
#4 0x55c0804472da &lt;unknown&gt;
#5 0x55c080445ce2 &lt;unknown&gt;
#6 0x55c0804397b8 &lt;unknown&gt;
#7 0x55c080462272 &lt;unknown&gt;
#8 0x55c080439063 &lt;unknown&gt;
#9 0x55c08046237e &lt;unknown&gt;
#10 0x55c0804753bc &lt;unknown&gt;
#11 0x55c080462163 &lt;unknown&gt;
#12 0x55c080437bfc &lt;unknown&gt;
#13 0x55c080438c05 &lt;unknown&gt;
#14 0x55c080972baa &lt;unknown&gt;
#15 0x55c080988651 &lt;unknown&gt;
#16 0x55c080973b05 &lt;unknown&gt;
#17 0x55c080989a68 &lt;unknown&gt;
#18 0x55c08096805f &lt;unknown&gt;
#19 0x55c0809a4818 &lt;unknown&gt;
#20 0x55c0809a4998 &lt;unknown&gt;
#21 0x55c0809bfeed &lt;unknown&gt;
#22 0x7f2cfd978609 &lt;unknown&gt;
</status>
</test>
<test id="s1-t6" name="Project2-LogIn">
<kw name="Login" library="testDetails">
<arg>${my_email}</arg>
<arg>${my_pw}</arg>
<arg>${link2}</arg>
<kw name="Open Browser" library="SeleniumLibrary">
<arg>${link}</arg>
<arg>browser=chrome</arg>
<doc>Opens a new browser instance to the optional ``url``.</doc>
<msg timestamp="20211214 14:12:29.595" level="INFO">Opening browser 'chrome' to base url 'https://app.deriv.com/account/deactivate-account'.</msg>
<status status="PASS" starttime="20211214 14:12:29.595" endtime="20211214 14:12:43.475"/>
</kw>
<kw name="Maximize Browser Window" library="SeleniumLibrary">
<doc>Maximizes current browser window.</doc>
<status status="PASS" starttime="20211214 14:12:43.475" endtime="20211214 14:12:43.579"/>
</kw>
<kw name="Sleep" library="BuiltIn">
<arg>2</arg>
<doc>Pauses the test executed for the given time.</doc>
<msg timestamp="20211214 14:12:45.579" level="INFO">Slept 2 seconds</msg>
<status status="PASS" starttime="20211214 14:12:43.579" endtime="20211214 14:12:45.580"/>
</kw>
<kw name="Click Element" library="SeleniumLibrary">
<arg>${login_auth_button}</arg>
<doc>Click the element identified by ``locator``.</doc>
<msg timestamp="20211214 14:12:45.581" level="INFO">Clicking element '//*[text()="Log in"]'.</msg>
<status status="PASS" starttime="20211214 14:12:45.580" endtime="20211214 14:12:45.643"/>
</kw>
<kw name="Sleep" library="BuiltIn">
<arg>4</arg>
<doc>Pauses the test executed for the given time.</doc>
<msg timestamp="20211214 14:12:49.644" level="INFO">Slept 4 seconds</msg>
<status status="PASS" starttime="20211214 14:12:45.643" endtime="20211214 14:12:49.644"/>
</kw>
<kw name="Click Element" library="SeleniumLibrary">
<arg>name=email</arg>
<doc>Click the element identified by ``locator``.</doc>
<msg timestamp="20211214 14:12:49.645" level="INFO">Clicking element 'name=email'.</msg>
<status status="PASS" starttime="20211214 14:12:49.644" endtime="20211214 14:12:49.693"/>
</kw>
<kw name="Sleep" library="BuiltIn">
<arg>2</arg>
<doc>Pauses the test executed for the given time.</doc>
<msg timestamp="20211214 14:12:51.693" level="INFO">Slept 2 seconds</msg>
<status status="PASS" starttime="20211214 14:12:49.693" endtime="20211214 14:12:51.693"/>
</kw>
<kw name="Click Element" library="SeleniumLibrary">
<arg>${login_auth_button}</arg>
<doc>Click the element identified by ``locator``.</doc>
<msg timestamp="20211214 14:12:51.694" level="INFO">Clicking element '//*[text()="Log in"]'.</msg>
<status status="PASS" starttime="20211214 14:12:51.694" endtime="20211214 14:12:51.744"/>
</kw>
<kw name="Sleep" library="BuiltIn">
<arg>2</arg>
<doc>Pauses the test executed for the given time.</doc>
<msg timestamp="20211214 14:12:53.746" level="INFO">Slept 2 seconds</msg>
<status status="PASS" starttime="20211214 14:12:51.745" endtime="20211214 14:12:53.746"/>
</kw>
<kw name="Click Element" library="SeleniumLibrary">
<arg>${pw_field}</arg>
<doc>Click the element identified by ``locator``.</doc>
<msg timestamp="20211214 14:12:53.747" level="INFO">Clicking element '//*[@type="password"]'.</msg>
<status status="PASS" starttime="20211214 14:12:53.746" endtime="20211214 14:12:53.795"/>
</kw>
<kw name="Sleep" library="BuiltIn">
<arg>2</arg>
<doc>Pauses the test executed for the given time.</doc>
<msg timestamp="20211214 14:12:55.796" level="INFO">Slept 2 seconds</msg>
<status status="PASS" starttime="20211214 14:12:53.795" endtime="20211214 14:12:55.796"/>
</kw>
<kw name="Click Element" library="SeleniumLibrary">
<arg>${login_auth_button}</arg>
<doc>Click the element identified by ``locator``.</doc>
<msg timestamp="20211214 14:12:55.797" level="INFO">Clicking element '//*[text()="Log in"]'.</msg>
<status status="PASS" starttime="20211214 14:12:55.796" endtime="20211214 14:12:55.846"/>
</kw>
<kw name="Sleep" library="BuiltIn">
<arg>2</arg>
<doc>Pauses the test executed for the given time.</doc>
<msg timestamp="20211214 14:12:57.847" level="INFO">Slept 2 seconds</msg>
<status status="PASS" starttime="20211214 14:12:55.846" endtime="20211214 14:12:57.847"/>
</kw>
<kw name="Input Text" library="SeleniumLibrary">
<arg>${email_field}</arg>
<arg>${email}</arg>
<doc>Types the given ``text`` into the text field identified by ``locator``.</doc>
<msg timestamp="20211214 14:12:57.848" level="INFO">Typing text 'adsad2247@gmail.com' into text field 'name=email'.</msg>
<status status="PASS" starttime="20211214 14:12:57.847" endtime="20211214 14:12:57.943"/>
</kw>
<kw name="Input Text" library="SeleniumLibrary">
<arg>${pw_field}</arg>
<arg>${pw}</arg>
<doc>Types the given ``text`` into the text field identified by ``locator``.</doc>
<msg timestamp="20211214 14:12:57.943" level="INFO">Typing text 'Testing1234' into text field '//*[@type="password"]'.</msg>
<status status="PASS" starttime="20211214 14:12:57.943" endtime="20211214 14:12:58.000"/>
</kw>
<kw name="Sleep" library="BuiltIn">
<arg>2</arg>
<doc>Pauses the test executed for the given time.</doc>
<msg timestamp="20211214 14:13:00.000" level="INFO">Slept 2 seconds</msg>
<status status="PASS" starttime="20211214 14:12:58.000" endtime="20211214 14:13:00.000"/>
</kw>
<kw name="Click Element" library="SeleniumLibrary">
<arg>${login_auth_button}</arg>
<doc>Click the element identified by ``locator``.</doc>
<msg timestamp="20211214 14:13:00.002" level="INFO">Clicking element '//*[text()="Log in"]'.</msg>
<status status="PASS" starttime="20211214 14:13:00.001" endtime="20211214 14:13:03.416"/>
</kw>
<status status="PASS" starttime="20211214 14:12:29.595" endtime="20211214 14:13:03.417"/>
</kw>
<status status="PASS" starttime="20211214 14:12:29.594" endtime="20211214 14:13:03.417"/>
</test>
<test id="s1-t7" name="Project2-SelectReason">
<kw name="SelectReason" library="testDetails">
<kw name="Wait Until Page Contains" library="SeleniumLibrary">
<arg>Continue to account deactivation</arg>
<doc>Waits until ``text`` appears on the current page.</doc>
<status status="PASS" starttime="20211214 14:13:03.419" endtime="20211214 14:13:05.452"/>
</kw>
<kw name="Click Element" library="SeleniumLibrary">
<arg>//*[text()='Continue to account deactivation']</arg>
<doc>Click the element identified by ``locator``.</doc>
<msg timestamp="20211214 14:13:05.453" level="INFO">Clicking element '//*[text()='Continue to account deactivation']'.</msg>
<kw name="Capture Page Screenshot" library="SeleniumLibrary">
<doc>Takes a screenshot of the current page and embeds it into a log file.</doc>
<msg timestamp="20211214 14:13:06.670" level="INFO" html="true">&lt;/td&gt;&lt;/tr&gt;&lt;tr&gt;&lt;td colspan="3"&gt;&lt;a href="selenium-screenshot-17.png"&gt;&lt;img src="selenium-screenshot-17.png" width="800px"&gt;&lt;/a&gt;</msg>
<status status="PASS" starttime="20211214 14:13:06.497" endtime="20211214 14:13:06.670"/>
</kw>
<msg timestamp="20211214 14:13:06.671" level="FAIL">ElementClickInterceptedException: Message: element click intercepted: Element &lt;span class="dc-text dc-btn__text" style="--text-size:var(--text-size-xs); --text-color:var(--text-general); --text-lh:var(--text-lh-m); --text-weight:var(--text-weight-bold); --text-align:var(--text-align-center);"&gt;...&lt;/span&gt; is not clickable at point (1134, 391). Other element would receive the click: &lt;button class="dc-btn dc-btn--primary dc-btn__large deactivate-account__button" tabindex="0" type="submit"&gt;...&lt;/button&gt;
  (Session info: chrome=96.0.4664.93)
Stacktrace:
#0 0x55ae5d730ee3 &lt;unknown&gt;
#1 0x55ae5d1fe608 &lt;unknown&gt;
#2 0x55ae5d23c044 &lt;unknown&gt;
#3 0x55ae5d239af4 &lt;unknown&gt;
#4 0x55ae5d2372da &lt;unknown&gt;
#5 0x55ae5d235ce2 &lt;unknown&gt;
#6 0x55ae5d2297b8 &lt;unknown&gt;
#7 0x55ae5d252272 &lt;unknown&gt;
#8 0x55ae5d229063 &lt;unknown&gt;
#9 0x55ae5d25237e &lt;unknown&gt;
#10 0x55ae5d2653bc &lt;unknown&gt;
#11 0x55ae5d252163 &lt;unknown&gt;
#12 0x55ae5d227bfc &lt;unknown&gt;
#13 0x55ae5d228c05 &lt;unknown&gt;
#14 0x55ae5d762baa &lt;unknown&gt;
#15 0x55ae5d778651 &lt;unknown&gt;
#16 0x55ae5d763b05 &lt;unknown&gt;
#17 0x55ae5d779a68 &lt;unknown&gt;
#18 0x55ae5d75805f &lt;unknown&gt;
#19 0x55ae5d794818 &lt;unknown&gt;
#20 0x55ae5d794998 &lt;unknown&gt;
#21 0x55ae5d7afeed &lt;unknown&gt;
#22 0x7f5e1fef1609 &lt;unknown&gt;
</msg>
<status status="FAIL" starttime="20211214 14:13:05.453" endtime="20211214 14:13:06.671"/>
</kw>
<kw name="Sleep" library="BuiltIn">
<arg>2</arg>
<doc>Pauses the test executed for the given time.</doc>
<status status="NOT RUN" starttime="20211214 14:13:06.672" endtime="20211214 14:13:06.672"/>
</kw>
<kw name="Wait Until Page Contains" library="SeleniumLibrary">
<arg>Read</arg>
<arg>60</arg>
<doc>Waits until ``text`` appears on the current page.</doc>
<status status="NOT RUN" starttime="20211214 14:13:06.672" endtime="20211214 14:13:06.672"/>
</kw>
<kw name="Sleep" library="BuiltIn">
<arg>2</arg>
<doc>Pauses the test executed for the given time.</doc>
<status status="NOT RUN" starttime="20211214 14:13:06.672" endtime="20211214 14:13:06.672"/>
</kw>
<kw name="Click Element" library="SeleniumLibrary">
<arg>//*[text()="Read"]</arg>
<doc>Click the element identified by ``locator``.</doc>
<status status="NOT RUN" starttime="20211214 14:13:06.672" endtime="20211214 14:13:06.672"/>
</kw>
<kw name="Sleep" library="BuiltIn">
<arg>1</arg>
<doc>Pauses the test executed for the given time.</doc>
<status status="NOT RUN" starttime="20211214 14:13:06.672" endtime="20211214 14:13:06.672"/>
</kw>
<kw name="Click Element" library="SeleniumLibrary">
<arg>//*[text()="Read"]</arg>
<doc>Click the element identified by ``locator``.</doc>
<status status="NOT RUN" starttime="20211214 14:13:06.672" endtime="20211214 14:13:06.672"/>
</kw>
<kw name="Sleep" library="BuiltIn">
<arg>2</arg>
<doc>Pauses the test executed for the given time.</doc>
<status status="NOT RUN" starttime="20211214 14:13:06.672" endtime="20211214 14:13:06.672"/>
</kw>
<kw name="Click Element" library="SeleniumLibrary">
<arg>//*[text()="Trade"]</arg>
<doc>Click the element identified by ``locator``.</doc>
<status status="NOT RUN" starttime="20211214 14:13:06.672" endtime="20211214 14:13:06.672"/>
</kw>
<kw name="Sleep" library="BuiltIn">
<arg>1</arg>
<doc>Pauses the test executed for the given time.</doc>
<status status="NOT RUN" starttime="20211214 14:13:06.672" endtime="20211214 14:13:06.672"/>
</kw>
<kw name="Click Element" library="SeleniumLibrary">
<arg>//*[text()="Trade"]</arg>
<doc>Click the element identified by ``locator``.</doc>
<status status="NOT RUN" starttime="20211214 14:13:06.672" endtime="20211214 14:13:06.672"/>
</kw>
<kw name="Sleep" library="BuiltIn">
<arg>2</arg>
<doc>Pauses the test executed for the given time.</doc>
<status status="NOT RUN" starttime="20211214 14:13:06.672" endtime="20211214 14:13:06.672"/>
</kw>
<kw name="Click Element" library="SeleniumLibrary">
<arg>//*[text()="Payments"]</arg>
<doc>Click the element identified by ``locator``.</doc>
<status status="NOT RUN" starttime="20211214 14:13:06.672" endtime="20211214 14:13:06.672"/>
</kw>
<kw name="Sleep" library="BuiltIn">
<arg>1</arg>
<doc>Pauses the test executed for the given time.</doc>
<status status="NOT RUN" starttime="20211214 14:13:06.673" endtime="20211214 14:13:06.673"/>
</kw>
<kw name="Click Element" library="SeleniumLibrary">
<arg>//*[text()="Payments"]</arg>
<doc>Click the element identified by ``locator``.</doc>
<status status="NOT RUN" starttime="20211214 14:13:06.673" endtime="20211214 14:13:06.673"/>
</kw>
<kw name="Sleep" library="BuiltIn">
<arg>2</arg>
<doc>Pauses the test executed for the given time.</doc>
<status status="NOT RUN" starttime="20211214 14:13:06.673" endtime="20211214 14:13:06.673"/>
</kw>
<kw name="Click Element" library="SeleniumLibrary">
<arg>//*[text()="Admin"]</arg>
<doc>Click the element identified by ``locator``.</doc>
<status status="NOT RUN" starttime="20211214 14:13:06.673" endtime="20211214 14:13:06.673"/>
</kw>
<kw name="Sleep" library="BuiltIn">
<arg>1</arg>
<doc>Pauses the test executed for the given time.</doc>
<status status="NOT RUN" starttime="20211214 14:13:06.673" endtime="20211214 14:13:06.673"/>
</kw>
<kw name="Click Element" library="SeleniumLibrary">
<arg>//*[text()="Admin"]</arg>
<doc>Click the element identified by ``locator``.</doc>
<status status="NOT RUN" starttime="20211214 14:13:06.673" endtime="20211214 14:13:06.673"/>
</kw>
<kw name="Sleep" library="BuiltIn">
<arg>2</arg>
<doc>Pauses the test executed for the given time.</doc>
<status status="NOT RUN" starttime="20211214 14:13:06.673" endtime="20211214 14:13:06.673"/>
</kw>
<kw name="Click Element" library="SeleniumLibrary">
<arg>//*[text()="Trading information"]</arg>
<doc>Click the element identified by ``locator``.</doc>
<status status="NOT RUN" starttime="20211214 14:13:06.673" endtime="20211214 14:13:06.673"/>
</kw>
<kw name="Sleep" library="BuiltIn">
<arg>1</arg>
<doc>Pauses the test executed for the given time.</doc>
<status status="NOT RUN" starttime="20211214 14:13:06.673" endtime="20211214 14:13:06.673"/>
</kw>
<kw name="Click Element" library="SeleniumLibrary">
<arg>//*[text()="Trading information"]</arg>
<doc>Click the element identified by ``locator``.</doc>
<status status="NOT RUN" starttime="20211214 14:13:06.673" endtime="20211214 14:13:06.673"/>
</kw>
<kw name="Sleep" library="BuiltIn">
<arg>2</arg>
<doc>Pauses the test executed for the given time.</doc>
<status status="NOT RUN" starttime="20211214 14:13:06.673" endtime="20211214 14:13:06.673"/>
</kw>
<status status="FAIL" starttime="20211214 14:13:03.418" endtime="20211214 14:13:06.674"/>
</kw>
<status status="FAIL" starttime="20211214 14:13:03.418" endtime="20211214 14:13:06.674">ElementClickInterceptedException: Message: element click intercepted: Element &lt;span class="dc-text dc-btn__text" style="--text-size:var(--text-size-xs); --text-color:var(--text-general); --text-lh:var(--text-lh-m); --text-weight:var(--text-weight-bold); --text-align:var(--text-align-center);"&gt;...&lt;/span&gt; is not clickable at point (1134, 391). Other element would receive the click: &lt;button class="dc-btn dc-btn--primary dc-btn__large deactivate-account__button" tabindex="0" type="submit"&gt;...&lt;/button&gt;
  (Session info: chrome=96.0.4664.93)
Stacktrace:
#0 0x55ae5d730ee3 &lt;unknown&gt;
#1 0x55ae5d1fe608 &lt;unknown&gt;
#2 0x55ae5d23c044 &lt;unknown&gt;
#3 0x55ae5d239af4 &lt;unknown&gt;
#4 0x55ae5d2372da &lt;unknown&gt;
#5 0x55ae5d235ce2 &lt;unknown&gt;
#6 0x55ae5d2297b8 &lt;unknown&gt;
#7 0x55ae5d252272 &lt;unknown&gt;
#8 0x55ae5d229063 &lt;unknown&gt;
#9 0x55ae5d25237e &lt;unknown&gt;
#10 0x55ae5d2653bc &lt;unknown&gt;
#11 0x55ae5d252163 &lt;unknown&gt;
#12 0x55ae5d227bfc &lt;unknown&gt;
#13 0x55ae5d228c05 &lt;unknown&gt;
#14 0x55ae5d762baa &lt;unknown&gt;
#15 0x55ae5d778651 &lt;unknown&gt;
#16 0x55ae5d763b05 &lt;unknown&gt;
#17 0x55ae5d779a68 &lt;unknown&gt;
#18 0x55ae5d75805f &lt;unknown&gt;
#19 0x55ae5d794818 &lt;unknown&gt;
#20 0x55ae5d794998 &lt;unknown&gt;
#21 0x55ae5d7afeed &lt;unknown&gt;
#22 0x7f5e1fef1609 &lt;unknown&gt;
</status>
</test>
<status status="FAIL" starttime="20211214 14:11:26.721" endtime="20211214 14:13:06.675"/>
</suite>
<statistics>
<total>
<stat pass="5" fail="2" skip="0">All Tests</stat>
</total>
<tag>
</tag>
<suite>
<stat pass="5" fail="2" skip="0" id="s1" name="Test">Test</stat>
</suite>
</statistics>
<errors>
</errors>
</robot>
