<?xml version="1.0" encoding="UTF-8"?>
<robot generator="Robot 4.1.2 (Python 3.8.10 on linux)" generated="20211214 07:35:07.224" rpa="false" schemaversion="2">
<suite id="s1" name="Test" source="/home/nadiah/Desktop/pythonProject/Demo/Day6Project/test.robot">
<test id="s1-t1" name="Log In">
<kw name="Login" library="testDetails">
<arg>${my_email}</arg>
<arg>${my_pw}</arg>
<kw name="Open Browser" library="SeleniumLibrary">
<arg>url=https://app.deriv.com/account/api-token</arg>
<arg>browser=chrome</arg>
<doc>Opens a new browser instance to the optional ``url``.</doc>
<msg timestamp="20211214 07:35:07.337" level="INFO">Opening browser 'chrome' to base url 'https://app.deriv.com/account/api-token'.</msg>
<status status="PASS" starttime="20211214 07:35:07.337" endtime="20211214 07:35:19.074"/>
</kw>
<kw name="Maximize Browser Window" library="SeleniumLibrary">
<doc>Maximizes current browser window.</doc>
<status status="PASS" starttime="20211214 07:35:19.075" endtime="20211214 07:35:19.188"/>
</kw>
<kw name="Sleep" library="BuiltIn">
<arg>2</arg>
<doc>Pauses the test executed for the given time.</doc>
<msg timestamp="20211214 07:35:21.189" level="INFO">Slept 2 seconds</msg>
<status status="PASS" starttime="20211214 07:35:19.188" endtime="20211214 07:35:21.189"/>
</kw>
<kw name="Click Element" library="SeleniumLibrary">
<arg>${login_auth_button}</arg>
<doc>Click the element identified by ``locator``.</doc>
<msg timestamp="20211214 07:35:21.190" level="INFO">Clicking element '//*[text()="Log in"]'.</msg>
<status status="PASS" starttime="20211214 07:35:21.189" endtime="20211214 07:35:21.255"/>
</kw>
<kw name="Sleep" library="BuiltIn">
<arg>4</arg>
<doc>Pauses the test executed for the given time.</doc>
<msg timestamp="20211214 07:35:25.256" level="INFO">Slept 4 seconds</msg>
<status status="PASS" starttime="20211214 07:35:21.256" endtime="20211214 07:35:25.257"/>
</kw>
<kw name="Click Element" library="SeleniumLibrary">
<arg>name=email</arg>
<doc>Click the element identified by ``locator``.</doc>
<msg timestamp="20211214 07:35:25.257" level="INFO">Clicking element 'name=email'.</msg>
<status status="PASS" starttime="20211214 07:35:25.257" endtime="20211214 07:35:25.322"/>
</kw>
<kw name="Sleep" library="BuiltIn">
<arg>2</arg>
<doc>Pauses the test executed for the given time.</doc>
<msg timestamp="20211214 07:35:27.322" level="INFO">Slept 2 seconds</msg>
<status status="PASS" starttime="20211214 07:35:25.322" endtime="20211214 07:35:27.322"/>
</kw>
<kw name="Click Element" library="SeleniumLibrary">
<arg>${login_auth_button}</arg>
<doc>Click the element identified by ``locator``.</doc>
<msg timestamp="20211214 07:35:27.323" level="INFO">Clicking element '//*[text()="Log in"]'.</msg>
<status status="PASS" starttime="20211214 07:35:27.323" endtime="20211214 07:35:27.353"/>
</kw>
<kw name="Sleep" library="BuiltIn">
<arg>3</arg>
<doc>Pauses the test executed for the given time.</doc>
<msg timestamp="20211214 07:35:30.353" level="INFO">Slept 3 seconds</msg>
<status status="PASS" starttime="20211214 07:35:27.353" endtime="20211214 07:35:30.354"/>
</kw>
<kw name="Click Element" library="SeleniumLibrary">
<arg>${pw_field}</arg>
<doc>Click the element identified by ``locator``.</doc>
<msg timestamp="20211214 07:35:30.354" level="INFO">Clicking element '//*[@type="password"]'.</msg>
<status status="PASS" starttime="20211214 07:35:30.354" endtime="20211214 07:35:30.412"/>
</kw>
<kw name="Sleep" library="BuiltIn">
<arg>2</arg>
<doc>Pauses the test executed for the given time.</doc>
<msg timestamp="20211214 07:35:32.413" level="INFO">Slept 2 seconds</msg>
<status status="PASS" starttime="20211214 07:35:30.412" endtime="20211214 07:35:32.413"/>
</kw>
<kw name="Click Element" library="SeleniumLibrary">
<arg>${login_auth_button}</arg>
<doc>Click the element identified by ``locator``.</doc>
<msg timestamp="20211214 07:35:32.414" level="INFO">Clicking element '//*[text()="Log in"]'.</msg>
<status status="PASS" starttime="20211214 07:35:32.413" endtime="20211214 07:35:32.465"/>
</kw>
<kw name="Sleep" library="BuiltIn">
<arg>3</arg>
<doc>Pauses the test executed for the given time.</doc>
<msg timestamp="20211214 07:35:35.466" level="INFO">Slept 3 seconds</msg>
<status status="PASS" starttime="20211214 07:35:32.465" endtime="20211214 07:35:35.466"/>
</kw>
<kw name="Input Text" library="SeleniumLibrary">
<arg>${email_field}</arg>
<arg>${email}</arg>
<doc>Types the given ``text`` into the text field identified by ``locator``.</doc>
<msg timestamp="20211214 07:35:35.467" level="INFO">Typing text 'adsad2247@gmail.com' into text field 'name=email'.</msg>
<status status="PASS" starttime="20211214 07:35:35.466" endtime="20211214 07:35:35.548"/>
</kw>
<kw name="Input Text" library="SeleniumLibrary">
<arg>${pw_field}</arg>
<arg>${pw}</arg>
<doc>Types the given ``text`` into the text field identified by ``locator``.</doc>
<msg timestamp="20211214 07:35:35.549" level="INFO">Typing text 'Testing1234' into text field '//*[@type="password"]'.</msg>
<status status="PASS" starttime="20211214 07:35:35.549" endtime="20211214 07:35:35.593"/>
</kw>
<kw name="Sleep" library="BuiltIn">
<arg>2</arg>
<doc>Pauses the test executed for the given time.</doc>
<msg timestamp="20211214 07:35:37.594" level="INFO">Slept 2 seconds</msg>
<status status="PASS" starttime="20211214 07:35:35.594" endtime="20211214 07:35:37.594"/>
</kw>
<kw name="Click Element" library="SeleniumLibrary">
<arg>${login_auth_button}</arg>
<doc>Click the element identified by ``locator``.</doc>
<msg timestamp="20211214 07:35:37.595" level="INFO">Clicking element '//*[text()="Log in"]'.</msg>
<status status="PASS" starttime="20211214 07:35:37.594" endtime="20211214 07:35:42.927"/>
</kw>
<status status="PASS" starttime="20211214 07:35:07.337" endtime="20211214 07:35:42.927"/>
</kw>
<status status="PASS" starttime="20211214 07:35:07.336" endtime="20211214 07:35:42.927"/>
</test>
<status status="PASS" starttime="20211214 07:35:07.224" endtime="20211214 07:35:42.928"/>
</suite>
<statistics>
<total>
<stat pass="1" fail="0" skip="0">All Tests</stat>
</total>
<tag>
</tag>
<suite>
<stat pass="1" fail="0" skip="0" id="s1" name="Test">Test</stat>
</suite>
</statistics>
<errors>
</errors>
</robot>
